INFO: Found elm at /usr/local/bin/elm
INFO: Found elm 0.19.1
INFO: Found elm-format at /usr/local/bin/elm-format
INFO: Found elm-format 0.8.3
INFO: Cleaning ./elm-stuff before upgrading
INFO: Converting elm-package.json -> elm.json
INFO: Detected a package project (this project has exposed modules)
WARNING: billstclair/elm-xml-extra has not been upgraded to 0.19 yet!
INFO: Switching from elm-lang/core (deprecated) to elm/core
INFO: Installing latest version of elm/core
INFO: Detected use of elm-lang/core#Json.Decode; installing elm/json
INFO: Switching from elm-lang/http (deprecated) to elm/http
INFO: Installing latest version of elm/http
WARNING: ktonon/elm-aws-core has not been upgraded to 0.19 yet!
INFO: Upgrading *.elm files in src/


SUCCESS! Your project's dependencies and code have been upgraded.
However, your project may not yet compile due to API changes in your
dependencies.

See <https://github.com/elm/compiler/blob/master/upgrade-docs/0.19.md>
and the documentation for your dependencies for more information.

WARNING! 2 of your dependencies have not yet been upgraded to
support Elm 0.19.
  - https://github.com/billstclair/elm-xml-extra
  - https://github.com/ktonon/elm-aws-core

Here are some common upgrade steps that you will need to do manually:

- elm/core
  - [ ] Replace uses of toString with String.fromInt, String.fromFloat, or Debug.toString as appropriate

